<?xml version="1.0" encoding="UTF-8"?>
<!-- Generated by org.testng.reporters.JUnitReportReporter -->
<testsuite hostname="DESKTOP-5Q1IF8D" failures="0" tests="3" name="TestClass.EndtoEndTesting" time="78.397" errors="0" timestamp="2022-07-24T20:26:29 IST" skipped="0">
  <testcase classname="TestClass.EndtoEndTesting" name="InsuranceCalcu" time="26.142"/>
  <system-out/>
  <testcase classname="TestClass.EndtoEndTesting" name="InsuranceCalcu" time="27.333"/>
  <system-out/>
  <testcase classname="TestClass.EndtoEndTesting" name="InsuranceCalcu" time="24.922"/>
  <system-out/>
</testsuite> <!-- TestClass.EndtoEndTesting -->
