<?xml version="1.0" encoding="UTF-8"?>
<!-- Generated by org.testng.reporters.JUnitReportReporter -->
<testsuite hostname="DESKTOP-5Q1IF8D" failures="0" tests="3" name="TestClass.EndtoEndTesting" time="84.418" errors="0" timestamp="2022-07-24T17:04:43 IST" skipped="0">
  <testcase classname="TestClass.EndtoEndTesting" name="InsuranceCalcu" time="30.571"/>
  <system-out/>
  <testcase classname="TestClass.EndtoEndTesting" name="InsuranceCalcu" time="29.396"/>
  <system-out/>
  <testcase classname="TestClass.EndtoEndTesting" name="InsuranceCalcu" time="24.451"/>
  <system-out/>
</testsuite> <!-- TestClass.EndtoEndTesting -->
